{"name": "League Tray Captain", "status": "failed", "statusDetails": {"message": "AssertionError: assert False", "trace": "self = <testCases.Web_Basic_Sanity_Pilot.Test_Websanity object at 0x00000222A115DF70>\n\n    @allure.title(\"League Tray Captain\")\n    @allure.testcase(testcasedocument, \"Test Case Document\")\n    @allure.tag(\"sanity\", \"user detail popup\", \"web\", \"my league\")\n    @allure.link(testcasereport,\n                 link_type=\"hyperlink\", name=\"Test Case Report\")\n    @allure.severity(allure.severity_level.MINOR)\n    @allure.step(\"1. Check presence of captain icon in the first contestant container. \")\n    def test_038(self):\n        \"\"\"To verify the presence of captain tag in the first contestant tray in my league page.\"\"\"\n        # to check the presence of captain tag in the first contestant\n        # this will be done by checking the presence of captain tag section\n        try:\n>           self.driver.find_element(By.XPATH, fe_Sections.captaintagsx)\n\ntestCases\\Web_Basic_Sanity_Pilot.py:988: \n_ _ _ _ _ _ _ _ _ _ _ _ _ _ _ _ _ _ _ _ _ _ _ _ _ _ _ _ _ _ _ _ _ _ _ _ _ _ _ _ _ _ _ _ _ _ _ _ _ _ _ _ _ _ _ _ _ _ _ _ _ _ _ _ _ _ _ _ _ _ _ _ _ _ _ _ _ _ _ _ _ _ _ _ _ _ _ _ _ _ _ _ _ \n\nself = <selenium.webdriver.chrome.webdriver.WebDriver (session=\"608db04060d1e929decfa806017c6bd0\")>, by = 'xpath'\nvalue = \"//*[@id='wrapper']/div/app-my-league/section/div/div/div[2]/div/div[2]/div[1]/div[2]/div[2]/swiper/div/div[1]/div[1]/div/div/span\"\n\n    def find_element(self, by=By.ID, value=None) -> WebElement:\n        \"\"\"\n        Find an element given a By strategy and locator.\n    \n        :Usage:\n            ::\n    \n                element = driver.find_element(By.ID, 'foo')\n    \n        :rtype: WebElement\n        \"\"\"\n        if isinstance(by, RelativeBy):\n            elements = self.find_elements(by=by, value=value)\n            if not elements:\n                raise NoSuchElementException(f\"Cannot locate relative element with: {by.root}\")\n            return elements[0]\n    \n        if by == By.ID:\n            by = By.CSS_SELECTOR\n            value = '[id=\"%s\"]' % value\n        elif by == By.CLASS_NAME:\n            by = By.CSS_SELECTOR\n            value = \".%s\" % value\n        elif by == By.NAME:\n            by = By.CSS_SELECTOR\n            value = '[name=\"%s\"]' % value\n    \n>       return self.execute(Command.FIND_ELEMENT, {\n            'using': by,\n            'value': value})['value']\n\nvenv\\lib\\site-packages\\selenium\\webdriver\\remote\\webdriver.py:856: \n_ _ _ _ _ _ _ _ _ _ _ _ _ _ _ _ _ _ _ _ _ _ _ _ _ _ _ _ _ _ _ _ _ _ _ _ _ _ _ _ _ _ _ _ _ _ _ _ _ _ _ _ _ _ _ _ _ _ _ _ _ _ _ _ _ _ _ _ _ _ _ _ _ _ _ _ _ _ _ _ _ _ _ _ _ _ _ _ _ _ _ _ _ \n\nself = <selenium.webdriver.chrome.webdriver.WebDriver (session=\"608db04060d1e929decfa806017c6bd0\")>, driver_command = 'findElement'\nparams = {'using': 'xpath', 'value': \"//*[@id='wrapper']/div/app-my-league/section/div/div/div[2]/div/div[2]/div[1]/div[2]/div[2]/swiper/div/div[1]/div[1]/div/div/span\"}\n\n    def execute(self, driver_command: str, params: dict = None) -> dict:\n        \"\"\"\n        Sends a command to be executed by a command.CommandExecutor.\n    \n        :Args:\n         - driver_command: The name of the command to execute as a string.\n         - params: A dictionary of named parameters to send with the command.\n    \n        :Returns:\n          The command's JSON response loaded into a dictionary object.\n        \"\"\"\n        if self.session_id:\n            if not params:\n                params = {'sessionId': self.session_id}\n            elif 'sessionId' not in params:\n                params['sessionId'] = self.session_id\n    \n        params = self._wrap_value(params)\n        response = self.command_executor.execute(driver_command, params)\n        if response:\n>           self.error_handler.check_response(response)\n\nvenv\\lib\\site-packages\\selenium\\webdriver\\remote\\webdriver.py:434: \n_ _ _ _ _ _ _ _ _ _ _ _ _ _ _ _ _ _ _ _ _ _ _ _ _ _ _ _ _ _ _ _ _ _ _ _ _ _ _ _ _ _ _ _ _ _ _ _ _ _ _ _ _ _ _ _ _ _ _ _ _ _ _ _ _ _ _ _ _ _ _ _ _ _ _ _ _ _ _ _ _ _ _ _ _ _ _ _ _ _ _ _ _ \n\nself = <selenium.webdriver.remote.errorhandler.ErrorHandler object at 0x00000222A0678E80>\nresponse = {'status': 404, 'value': '{\"value\":{\"error\":\"no such element\",\"message\":\"no such element: Unable to locate element: {\\...\\n\\\\tRtlGetAppContainerNamedObjectPath [0x77007BBE+286]\\\\n\\\\tRtlGetAppContainerNamedObjectPath [0x77007B8E+238]\\\\n\"}}'}\n\n    def check_response(self, response: Dict[str, Any]) -> None:\n        \"\"\"\n        Checks that a JSON response from the WebDriver does not have an error.\n    \n        :Args:\n         - response - The JSON response from the WebDriver server as a dictionary\n           object.\n    \n        :Raises: If the response contains an error message.\n        \"\"\"\n        status = response.get('status', None)\n        if not status or status == ErrorCode.SUCCESS:\n            return\n        value = None\n        message = response.get(\"message\", \"\")\n        screen: str = response.get(\"screen\", \"\")\n        stacktrace = None\n        if isinstance(status, int):\n            value_json = response.get('value', None)\n            if value_json and isinstance(value_json, str):\n                import json\n                try:\n                    value = json.loads(value_json)\n                    if len(value.keys()) == 1:\n                        value = value['value']\n                    status = value.get('error', None)\n                    if not status:\n                        status = value.get(\"status\", ErrorCode.UNKNOWN_ERROR)\n                        message = value.get(\"value\") or value.get(\"message\")\n                        if not isinstance(message, str):\n                            value = message\n                            message = message.get('message')\n                    else:\n                        message = value.get('message', None)\n                except ValueError:\n                    pass\n    \n        exception_class: Type[WebDriverException]\n        if status in ErrorCode.NO_SUCH_ELEMENT:\n            exception_class = NoSuchElementException\n        elif status in ErrorCode.NO_SUCH_FRAME:\n            exception_class = NoSuchFrameException\n        elif status in ErrorCode.NO_SUCH_SHADOW_ROOT:\n            exception_class = NoSuchShadowRootException\n        elif status in ErrorCode.NO_SUCH_WINDOW:\n            exception_class = NoSuchWindowException\n        elif status in ErrorCode.STALE_ELEMENT_REFERENCE:\n            exception_class = StaleElementReferenceException\n        elif status in ErrorCode.ELEMENT_NOT_VISIBLE:\n            exception_class = ElementNotVisibleException\n        elif status in ErrorCode.INVALID_ELEMENT_STATE:\n            exception_class = InvalidElementStateException\n        elif status in ErrorCode.INVALID_SELECTOR \\\n                or status in ErrorCode.INVALID_XPATH_SELECTOR \\\n                or status in ErrorCode.INVALID_XPATH_SELECTOR_RETURN_TYPER:\n            exception_class = InvalidSelectorException\n        elif status in ErrorCode.ELEMENT_IS_NOT_SELECTABLE:\n            exception_class = ElementNotSelectableException\n        elif status in ErrorCode.ELEMENT_NOT_INTERACTABLE:\n            exception_class = ElementNotInteractableException\n        elif status in ErrorCode.INVALID_COOKIE_DOMAIN:\n            exception_class = InvalidCookieDomainException\n        elif status in ErrorCode.UNABLE_TO_SET_COOKIE:\n            exception_class = UnableToSetCookieException\n        elif status in ErrorCode.TIMEOUT:\n            exception_class = TimeoutException\n        elif status in ErrorCode.SCRIPT_TIMEOUT:\n            exception_class = TimeoutException\n        elif status in ErrorCode.UNKNOWN_ERROR:\n            exception_class = WebDriverException\n        elif status in ErrorCode.UNEXPECTED_ALERT_OPEN:\n            exception_class = UnexpectedAlertPresentException\n        elif status in ErrorCode.NO_ALERT_OPEN:\n            exception_class = NoAlertPresentException\n        elif status in ErrorCode.IME_NOT_AVAILABLE:\n            exception_class = ImeNotAvailableException\n        elif status in ErrorCode.IME_ENGINE_ACTIVATION_FAILED:\n            exception_class = ImeActivationFailedException\n        elif status in ErrorCode.MOVE_TARGET_OUT_OF_BOUNDS:\n            exception_class = MoveTargetOutOfBoundsException\n        elif status in ErrorCode.JAVASCRIPT_ERROR:\n            exception_class = JavascriptException\n        elif status in ErrorCode.SESSION_NOT_CREATED:\n            exception_class = SessionNotCreatedException\n        elif status in ErrorCode.INVALID_ARGUMENT:\n            exception_class = InvalidArgumentException\n        elif status in ErrorCode.NO_SUCH_COOKIE:\n            exception_class = NoSuchCookieException\n        elif status in ErrorCode.UNABLE_TO_CAPTURE_SCREEN:\n            exception_class = ScreenshotException\n        elif status in ErrorCode.ELEMENT_CLICK_INTERCEPTED:\n            exception_class = ElementClickInterceptedException\n        elif status in ErrorCode.INSECURE_CERTIFICATE:\n            exception_class = InsecureCertificateException\n        elif status in ErrorCode.INVALID_COORDINATES:\n            exception_class = InvalidCoordinatesException\n        elif status in ErrorCode.INVALID_SESSION_ID:\n            exception_class = InvalidSessionIdException\n        elif status in ErrorCode.UNKNOWN_METHOD:\n            exception_class = UnknownMethodException\n        else:\n            exception_class = WebDriverException\n        if not value:\n            value = response['value']\n        if isinstance(value, str):\n            raise exception_class(value)\n        if message == \"\" and 'message' in value:\n            message = value['message']\n    \n        screen = None  # type: ignore[assignment]\n        if 'screen' in value:\n            screen = value['screen']\n    \n        stacktrace = None\n        st_value = value.get('stackTrace') or value.get('stacktrace')\n        if st_value:\n            if isinstance(st_value, str):\n                stacktrace = st_value.split('\\n')\n            else:\n                stacktrace = []\n                try:\n                    for frame in st_value:\n                        line = frame.get(\"lineNumber\", \"\")\n                        file = frame.get(\"fileName\", \"<anonymous>\")\n                        if line:\n                            file = f\"{file}:{line}\"\n                        meth = frame.get('methodName', '<anonymous>')\n                        if 'className' in frame:\n                            meth = \"{}.{}\".format(frame['className'], meth)\n                        msg = \"    at %s (%s)\"\n                        msg = msg % (meth, file)\n                        stacktrace.append(msg)\n                except TypeError:\n                    pass\n        if exception_class == UnexpectedAlertPresentException:\n            alert_text = None\n            if 'data' in value:\n                alert_text = value['data'].get('text')\n            elif 'alert' in value:\n                alert_text = value['alert'].get('text')\n            raise exception_class(message, screen, stacktrace, alert_text)  # type: ignore[call-arg]  # mypy is not smart enough here\n>       raise exception_class(message, screen, stacktrace)\nE       selenium.common.exceptions.NoSuchElementException: Message: no such element: Unable to locate element: {\"method\":\"xpath\",\"selector\":\"//*[@id='wrapper']/div/app-my-league/section/div/div/div[2]/div/div[2]/div[1]/div[2]/div[2]/swiper/div/div[1]/div[1]/div/div/span\"}\nE         (Session info: chrome=108.0.5359.125)\nE       Stacktrace:\nE       Backtrace:\nE       \tOrdinal0 [0x009AACD3+2075859]\nE       \tOrdinal0 [0x0093EE61+1633889]\nE       \tOrdinal0 [0x0083B7BD+571325]\nE       \tOrdinal0 [0x0086AC2F+764975]\nE       \tOrdinal0 [0x0086AE1B+765467]\nE       \tOrdinal0 [0x0089D0F2+970994]\nE       \tOrdinal0 [0x00887364+881508]\nE       \tOrdinal0 [0x0089B56A+963946]\nE       \tOrdinal0 [0x00887136+880950]\nE       \tOrdinal0 [0x0085FEFD+720637]\nE       \tOrdinal0 [0x00860F3F+724799]\nE       \tGetHandleVerifier [0x00C5EED2+2769538]\nE       \tGetHandleVerifier [0x00C50D95+2711877]\nE       \tGetHandleVerifier [0x00A3A03A+521194]\nE       \tGetHandleVerifier [0x00A38DA0+516432]\nE       \tOrdinal0 [0x0094682C+1665068]\nE       \tOrdinal0 [0x0094B128+1683752]\nE       \tOrdinal0 [0x0094B215+1683989]\nE       \tOrdinal0 [0x00956484+1729668]\nE       \tBaseThreadInitThunk [0x764C00F9+25]\nE       \tRtlGetAppContainerNamedObjectPath [0x77007BBE+286]\nE       \tRtlGetAppContainerNamedObjectPath [0x77007B8E+238]\n\nvenv\\lib\\site-packages\\selenium\\webdriver\\remote\\errorhandler.py:243: NoSuchElementException\n\nDuring handling of the above exception, another exception occurred:\n\nself = <testCases.Web_Basic_Sanity_Pilot.Test_Websanity object at 0x00000222A115DF70>\n\n    @allure.title(\"League Tray Captain\")\n    @allure.testcase(testcasedocument, \"Test Case Document\")\n    @allure.tag(\"sanity\", \"user detail popup\", \"web\", \"my league\")\n    @allure.link(testcasereport,\n                 link_type=\"hyperlink\", name=\"Test Case Report\")\n    @allure.severity(allure.severity_level.MINOR)\n    @allure.step(\"1. Check presence of captain icon in the first contestant container. \")\n    def test_038(self):\n        \"\"\"To verify the presence of captain tag in the first contestant tray in my league page.\"\"\"\n        # to check the presence of captain tag in the first contestant\n        # this will be done by checking the presence of captain tag section\n        try:\n            self.driver.find_element(By.XPATH, fe_Sections.captaintagsx)\n        except NoSuchElementException:\n            allure.attach(self.driver.get_screenshot_as_png(), name=\"SSTC_038\", attachment_type=AttachmentType.PNG)\n>           assert False\nE           assert False\n\ntestCases\\Web_Basic_Sanity_Pilot.py:991: AssertionError"}, "description": "To verify the presence of captain tag in the first contestant tray in my league page.", "steps": [{"name": "1. Check presence of captain icon in the first contestant container. ", "status": "failed", "statusDetails": {"message": "AssertionError: assert False\n", "trace": "  File \"c:\\users\\aniket.gupta\\pycharmprojects\\fantasyautomation\\venv\\lib\\site-packages\\allure_commons\\_allure.py\", line 172, in impl\n    return func(*a, **kw)\n  File \"C:\\Users\\aniket.gupta\\PycharmProjects\\FantasyAutomation\\testCases\\Web_Basic_Sanity_Pilot.py\", line 991, in test_038\n    assert False\n"}, "attachments": [{"name": "SSTC_038", "source": "330aded4-4cfe-4416-98fb-131c87120038-attachment.png", "type": "image/png"}], "start": 1672227611541, "stop": 1672227632023}], "start": 1672227611541, "stop": 1672227632023, "uuid": "e9e19559-1f59-49c8-8669-4f479a065d17", "historyId": "de8ab40741be059f5f15f4bc3a74df94", "testCaseId": "64868cd19d885dda89fceb8a754d89d5", "fullName": "testCases.Web_Basic_Sanity_Pilot.Test_Websanity#test_038", "labels": [{"name": "tag", "value": "user detail popup"}, {"name": "tag", "value": "my league"}, {"name": "severity", "value": "minor"}, {"name": "tag", "value": "web"}, {"name": "tag", "value": "sanity"}, {"name": "parentSuite", "value": "testCases"}, {"name": "suite", "value": "Web_Basic_Sanity_Pilot"}, {"name": "subSuite", "value": "Test_Websanity"}, {"name": "host", "value": "Aniket-Gupta"}, {"name": "thread", "value": "25572-MainThread"}, {"name": "framework", "value": "pytest"}, {"name": "language", "value": "cpython3"}, {"name": "package", "value": "testCases.Web_Basic_Sanity_Pilot"}], "links": [{"type": "hyperlink", "url": "https://moraviait-my.sharepoint.com/:x:/g/personal/anigupta_moravia_com/EfP285he4TZMkmbtv7qCVIUBlZ32Jf-tfggx7CD1JJMKUg?e=S9BFmB", "name": "Test Case Report"}, {"type": "test_case", "url": "https://moraviait-my.sharepoint.com/:w:/g/personal/anigupta_moravia_com/ETq9D_2FRG9At5IHN1JY9FwBCK3YKC5vry8hhhKEVtJAjA?e=iYk53U", "name": "Test Case Document"}]}