{"name": "Check For User Detail Pop Up", "status": "failed", "statusDetails": {"message": "AssertionError: assert False", "trace": "self = <testCases.Web_Basic_Sanity_Pilot.Test_Websanity object at 0x00000222A1169100>\n\n    @allure.title(\"Check For User Detail Pop Up\")\n    @allure.testcase(testcasedocument, \"Test Case Document\")\n    @allure.tag(\"sanity\", \"user detail popup\", \"web\", \"user detail\")\n    @allure.link(testcasereport,\n                 link_type=\"hyperlink\", name=\"Test Case Report\")\n    @allure.severity(allure.severity_level.CRITICAL)\n    @allure.step(\"1. Check for the presence of User Detail Pop Up Container. \"\n                 \"2. In Case yes, enter all the required data and click on continue. \")\n    def test_052(self):\n        \"\"\"To check for users who have already filled the user detail pop up, whether coming back to\n        my league page shows the user detail pop up or not. \"\"\"\n        # this will be checked by checking the presence of the user detail pop up container element.\n        #\n        try:\n            self.driver.find_element(By.XPATH,fe_Sections.userdetailpopupsx)\n        except WebDriverException:\n            assert True\n        else:\n            fe_actions.enteruserdetail(self,self.Name,self.Email,self.Mobile,self.City)\n>           assert False\nE           assert False\n\ntestCases\\Web_Basic_Sanity_Pilot.py:891: AssertionError"}, "description": "To check for users who have already filled the user detail pop up, whether coming back to\n        my league page shows the user detail pop up or not. ", "steps": [{"name": "1. Check for the presence of User Detail Pop Up Container. 2. In Case yes, enter all the required data and click on continue. ", "status": "failed", "statusDetails": {"message": "AssertionError: assert False\n", "trace": "  File \"c:\\users\\aniket.gupta\\pycharmprojects\\fantasyautomation\\venv\\lib\\site-packages\\allure_commons\\_allure.py\", line 172, in impl\n    return func(*a, **kw)\n  File \"C:\\Users\\aniket.gupta\\PycharmProjects\\FantasyAutomation\\testCases\\Web_Basic_Sanity_Pilot.py\", line 891, in test_052\n    assert False\n"}, "start": 1672227598443, "stop": 1672227599788}], "start": 1672227598443, "stop": 1672227599799, "uuid": "84a3e102-1fbe-4a7f-9d08-7a74c20a7df7", "historyId": "965482a0d226b235b6e4faca8661d396", "testCaseId": "e247823c056cd14210d7e4b4671e6fd5", "fullName": "testCases.Web_Basic_Sanity_Pilot.Test_Websanity#test_052", "labels": [{"name": "tag", "value": "user detail popup"}, {"name": "tag", "value": "web"}, {"name": "tag", "value": "sanity"}, {"name": "severity", "value": "critical"}, {"name": "tag", "value": "user detail"}, {"name": "parentSuite", "value": "testCases"}, {"name": "suite", "value": "Web_Basic_Sanity_Pilot"}, {"name": "subSuite", "value": "Test_Websanity"}, {"name": "host", "value": "Aniket-Gupta"}, {"name": "thread", "value": "25572-MainThread"}, {"name": "framework", "value": "pytest"}, {"name": "language", "value": "cpython3"}, {"name": "package", "value": "testCases.Web_Basic_Sanity_Pilot"}], "links": [{"type": "hyperlink", "url": "https://moraviait-my.sharepoint.com/:x:/g/personal/anigupta_moravia_com/EfP285he4TZMkmbtv7qCVIUBlZ32Jf-tfggx7CD1JJMKUg?e=S9BFmB", "name": "Test Case Report"}, {"type": "test_case", "url": "https://moraviait-my.sharepoint.com/:w:/g/personal/anigupta_moravia_com/ETq9D_2FRG9At5IHN1JY9FwBCK3YKC5vry8hhhKEVtJAjA?e=iYk53U", "name": "Test Case Document"}]}